<?xml version="1.0" encoding="UTF-8"?>
<!-- Generated by org.testng.reporters.JUnitReportReporter -->
<testsuite hostname="DESKTOP-ECF2EJG" failures="0" tests="1" name="com.internetqa.tests.LoginTests" time="4.928" errors="0" timestamp="2025-07-16T15:38:38 CEST" skipped="0">
  <testcase classname="com.internetqa.tests.LoginTests" name="loginPositiveTest" time="4.928"/>
</testsuite> <!-- com.internetqa.tests.LoginTests -->
