<?xml version="1.0" encoding="UTF-8"?>
<!-- Generated by org.testng.reporters.JUnitReportReporter -->
<testsuite hostname="DESKTOP-ECF2EJG" failures="0" tests="1" name="com.internetqa.tests.HoversTests" time="5.359" errors="0" timestamp="2025-07-16T15:38:38 CEST" skipped="0">
  <testcase classname="com.internetqa.tests.HoversTests" name="hoversTest" time="5.359"/>
</testsuite> <!-- com.internetqa.tests.HoversTests -->
